geosciteach/proguard/seeds.txt
com.geosciteach.activities.GeoSciTeachBaseActivity
com.geosciteach.activities.PreviewActivity
com.geosciteach.activities.TeachersInfoActivity
com.geosciteach.activities.ShareActivity
com.geosciteach.activities.CollectDataActivity
com.geosciteach.activities.NotesActivity
com.geosciteach.activities.PlantZoneActivity
com.geosciteach.activities.QuestionActivity
com.geosciteach.activities.AmbientDataActivity
com.geosciteach.activities.LeafCameraActivity
com.geosciteach.activities.InformationActivity
com.geosciteach.activities.DataFilesActivity
com.geosciteach.activities.PasswordEntryActivity
com.geosciteach.activities.GeoSciTeachMapActivity
com.geosciteach.activities.EarthMapActivity
...
com.geosciteach.utils.EarthMapBubblePopup
com.geosciteach.utils.GpsUtils
com.geosciteach.utils.MapBubblePopup