geosciteach/proguard/mapping.txt
com.geosciteach.activities.AmbientDataActivity -> com.geosciteach.activities.AmbientDataActivity:
    java.lang.String DELIMITER -> a
    java.lang.String NEW_SPACE -> b
    android.widget.Spinner mTemperatureSpinner -> c
    android.widget.Spinner mHumiditySpinner -> d
    android.widget.Spinner mSoilSpinner -> e
    android.widget.Spinner mPlacesSpinner -> f
    void onCreate(android.os.Bundle) -> onCreate
    void onPause() -> onPause
com.geosciteach.activities.CollectDataActivity -> com.geosciteach.activities.CollectDataActivity:
    java.io.File mFile -> a
    android.widget.Button mCameraButton -> b
    android.widget.Button mAmbientButton -> c
    android.widget.Button mNotesButton -> d
    android.widget.Button mVideoButton -> e
    void onCreate(android.os.Bundle) -> onCreate
    void cameraClickPressed$3c7ec8c3() -> a
    void videoClickPressed$3c7ec8c3() -> b
    void onActivityResult(int,int,android.content.Intent) -> onActivityResult
com.geosciteach.activities.CollectDataActivity$1 -> com.geosciteach.activities.k:
    com.geosciteach.activities.CollectDataActivity this$0 -> a
    void onClick(android.view.View) -> onClick
com.geosciteach.activities.CollectDataActivity$2 -> com.geosciteach.activities.l:
    com.geosciteach.activities.CollectDataActivity this$0 -> a
    void onClick(android.view.View) -> onClick
com.geosciteach.activities.CollectDataActivity$3 -> com.geosciteach.activities.al:
    com.geosciteach.activities.CollectDataActivity this$0 -> a
    void onClick(android.view.View) -> onClick
com.geosciteach.activities.CollectDataActivity$4 -> com.geosciteach.activities.am:
    com.geosciteach.activities.CollectDataActivity this$0 -> a
    void onClick(android.view.View) -> onClick
com.geosciteach.activities.CollectDataActivity$5 -> com.geosciteach.activities.an:
    com.geosciteach.activities.CollectDataActivity this$0 -> a
    void onClick(android.view.View) -> onClick
com.geosciteach.activities.CollectDataActivity$6 -> com.geosciteach.activities.ao:
    com.geosciteach.activities.CollectDataActivity this$0 -> a
    void onClick(android.view.View) -> onClick
com.geosciteach.activities.DataFilesActivity -> com.geosciteach.activities.DataFilesActivity:
    void onCreate(android.os.Bundle) -> onCreate
com.geosciteach.activities.DataFilesActivity$1 -> com.geosciteach.activities.ak:
    com.geosciteach.activities.DataFilesActivity this$0 -> a
    void onClick(android.view.View) -> onClick
com.geosciteach.activities.DataFilesActivity$1$1 -> com.geosciteach.activities.f:
    com.geosciteach.activities.DataFilesActivity$1 this$1 -> a
    android.view.View val$v -> b
    void onClick(android.content.DialogInterface,int) -> onClick
com.geosciteach.activities.DataFilesActivity$1$2 -> com.geosciteach.activities.e:
    com.geosciteach.activities.DataFilesActivity$1 this$1 -> a
    void onClick(android.content.DialogInterface,int) -> onClick
...
com.geosciteach.utils.EarthMapBubblePopup -> com.geosciteach.utils.EarthMapBubblePopup:
    android.view.View mParentView -> a
    android.widget.PopupWindow mWindow -> b
    android.view.View mRoot -> c
    android.graphics.drawable.Drawable mBackground -> d
    java.lang.String mTitleText -> e
    java.lang.String mLocationText -> f
    java.lang.String mImageResourcePath -> g
    android.widget.TextView mTitleTextView -> h
    android.view.WindowManager mWindowManager -> i
    int mTop -> j
    void setOnClickListener(android.view.View$OnClickListener) -> a
    void setOnLongClickListener(android.view.View$OnLongClickListener) -> a
    void getScreenOffset(android.graphics.Point,int,int) -> a
    void show(int,int) -> a
    void dismiss() -> a
    android.widget.PopupWindow access$0(com.geosciteach.utils.EarthMapBubblePopup) -> a
com.geosciteach.utils.EarthMapBubblePopup$1 -> com.geosciteach.utils.c:
    com.geosciteach.utils.EarthMapBubblePopup this$0 -> a
    boolean onTouch(android.view.View,android.view.MotionEvent) -> onTouch
com.geosciteach.utils.FileUtils -> com.geosciteach.utils.b:
    java.lang.String getApplicationDirectory(android.content.Context) -> a
    java.lang.String getUniqueFileNameAtApplicationDirectory(java.lang.String,android.content.Context) -> a
    void writeDetailsToFile(java.io.File,java.lang.String) -> a
    java.io.File prepareFileToWriteDetailsTo(android.content.Context,java.lang.String) -> a
    java.lang.String getUniqueUser(android.content.Context) -> b
com.geosciteach.utils.GpsUtils -> com.geosciteach.utils.GpsUtils:
    int latitudeToLatitudeE6(double) -> a
    int longitudeToLongitudeE6(double) -> b
com.geosciteach.utils.MapBubblePopup -> com.geosciteach.utils.MapBubblePopup:
    android.view.View mParentView -> a
    android.widget.PopupWindow mWindow -> b
    android.view.View mRoot -> c
    android.graphics.drawable.Drawable mBackground -> d
    java.lang.String mTitleText -> e
    java.lang.String mLocationText -> f
    int mLeftImageResourceId -> g
    android.widget.TextView mTitleTextView -> h
    android.view.WindowManager mWindowManager -> i
    int mTop -> j
    void setOnClickListener(android.view.View$OnClickListener) -> a
    void getScreenOffset(android.graphics.Point,int,int) -> a
    void show(int,int) -> a
    void dismiss() -> a
    android.widget.PopupWindow access$0(com.geosciteach.utils.MapBubblePopup) -> a
com.geosciteach.utils.MapBubblePopup$1 -> com.geosciteach.utils.a:
    com.geosciteach.utils.MapBubblePopup this$0 -> a
    boolean onTouch(android.view.View,android.view.MotionEvent) -> onTouch